[debug] [2018-03-19T18:33:46.724Z] ----------------------------------------------------------------------
[debug] [2018-03-19T18:33:46.726Z] Command:       /usr/local/bin/node /usr/local/bin/firebase serve
[debug] [2018-03-19T18:33:46.726Z] CLI Version:   3.17.6
[debug] [2018-03-19T18:33:46.726Z] Platform:      darwin
[debug] [2018-03-19T18:33:46.727Z] Node Version:  v8.10.0
[debug] [2018-03-19T18:33:46.727Z] Time:          Mon Mar 19 2018 19:33:46 GMT+0100 (CET)
[debug] [2018-03-19T18:33:46.727Z] ----------------------------------------------------------------------
[debug] 
[debug] [2018-03-19T18:33:46.742Z] > command requires scopes: ["email","openid","https://www.googleapis.com/auth/cloudplatformprojects.readonly","https://www.googleapis.com/auth/firebase","https://www.googleapis.com/auth/cloud-platform"]
[debug] [2018-03-19T18:33:46.742Z] > authorizing via signed-in user
[debug] [2018-03-19T18:33:46.743Z] > refreshing access token with scopes: ["email","https://www.googleapis.com/auth/cloud-platform","https://www.googleapis.com/auth/cloudplatformprojects.readonly","https://www.googleapis.com/auth/firebase","openid"]
[debug] [2018-03-19T18:33:46.744Z] >>> HTTP REQUEST POST https://www.googleapis.com/oauth2/v3/token  
 { refresh_token: '1/147G7XtKAJ1GL4h9TeEnHWoAtNjwhGEOMuKLXAX9g3sHL2vSaH3Lgbsn1X1Kr1ax',
  client_id: '563584335869-fgrhgmd47bqnekij5i8b5pr03ho849e6.apps.googleusercontent.com',
  client_secret: 'j9iVZfS8kkCEFUPaAeJV0sAi',
  grant_type: 'refresh_token',
  scope: 'email https://www.googleapis.com/auth/cloud-platform https://www.googleapis.com/auth/cloudplatformprojects.readonly https://www.googleapis.com/auth/firebase openid' } 
 Mon Mar 19 2018 19:33:46 GMT+0100 (CET)
[debug] [2018-03-19T18:33:46.980Z] <<< HTTP RESPONSE 200
[debug] [2018-03-19T18:33:46.991Z] >>> HTTP REQUEST GET https://admin.firebase.com/v1/projects/matchr-booker  
  
 Mon Mar 19 2018 19:33:46 GMT+0100 (CET)
[debug] [2018-03-19T18:33:48.463Z] <<< HTTP RESPONSE 200
[debug] [2018-03-19T18:33:48.463Z] >>> HTTP REQUEST GET https://admin.firebase.com/v1/database/matchr-booker/tokens  
  
 Mon Mar 19 2018 19:33:48 GMT+0100 (CET)
[debug] [2018-03-19T18:33:49.589Z] <<< HTTP RESPONSE 200
[debug] [2018-03-19T18:33:49.590Z] >>> HTTP REQUEST GET https://cloudresourcemanager.googleapis.com/v1/projects/matchr-booker  
  
 Mon Mar 19 2018 19:33:49 GMT+0100 (CET)
[debug] [2018-03-19T18:33:50.518Z] <<< HTTP RESPONSE 200
[info] 
[info] === Serving from '/Users/tomaszzarnowiec/Projects/bookerApp'...
[info] 
[debug] [2018-03-19T18:33:50.521Z] >>> HTTP REQUEST GET https://mobilesdk-pa.googleapis.com/v1/projects/362237439323/clients/_:getWebAppConfig  
  
 Mon Mar 19 2018 19:33:50 GMT+0100 (CET)
[debug] [2018-03-19T18:33:51.227Z] <<< HTTP RESPONSE 200
[info] i  hosting: Serving hosting files from: public
[info] ✔  hosting: Local server: http://localhost:5000

